Determining if the pthread_create exist failed with the following output:
Change Dir: /home/seymur/Documents/Projects/CarND-Final-Capstone/ros/build/CMakeFiles/CMakeTmp

Run Build Command:"/usr/bin/make" "cmTC_2054d/fast"
/usr/bin/make -f CMakeFiles/cmTC_2054d.dir/build.make CMakeFiles/cmTC_2054d.dir/build
make[1]: Entering directory '/home/seymur/Documents/Projects/CarND-Final-Capstone/ros/build/CMakeFiles/CMakeTmp'
Building C object CMakeFiles/cmTC_2054d.dir/CheckSymbolExists.c.o
/usr/bin/cc     -o CMakeFiles/cmTC_2054d.dir/CheckSymbolExists.c.o   -c /home/seymur/Documents/Projects/CarND-Final-Capstone/ros/build/CMakeFiles/CMakeTmp/CheckSymbolExists.c
Linking C executable cmTC_2054d
/usr/bin/cmake -E cmake_link_script CMakeFiles/cmTC_2054d.dir/link.txt --verbose=1
/usr/bin/cc       CMakeFiles/cmTC_2054d.dir/CheckSymbolExists.c.o  -o cmTC_2054d -rdynamic 
CMakeFiles/cmTC_2054d.dir/CheckSymbolExists.c.o: In function `main':
CheckSymbolExists.c:(.text+0x16): undefined reference to `pthread_create'
collect2: error: ld returned 1 exit status
CMakeFiles/cmTC_2054d.dir/build.make:97: recipe for target 'cmTC_2054d' failed
make[1]: *** [cmTC_2054d] Error 1
make[1]: Leaving directory '/home/seymur/Documents/Projects/CarND-Final-Capstone/ros/build/CMakeFiles/CMakeTmp'
Makefile:126: recipe for target 'cmTC_2054d/fast' failed
make: *** [cmTC_2054d/fast] Error 2

File /home/seymur/Documents/Projects/CarND-Final-Capstone/ros/build/CMakeFiles/CMakeTmp/CheckSymbolExists.c:
/* */
#include <pthread.h>

int main(int argc, char** argv)
{
  (void)argv;
#ifndef pthread_create
  return ((int*)(&pthread_create))[argc];
#else
  (void)argc;
  return 0;
#endif
}

Determining if the function pthread_create exists in the pthreads failed with the following output:
Change Dir: /home/seymur/Documents/Projects/CarND-Final-Capstone/ros/build/CMakeFiles/CMakeTmp

Run Build Command:"/usr/bin/make" "cmTC_fa522/fast"
/usr/bin/make -f CMakeFiles/cmTC_fa522.dir/build.make CMakeFiles/cmTC_fa522.dir/build
make[1]: Entering directory '/home/seymur/Documents/Projects/CarND-Final-Capstone/ros/build/CMakeFiles/CMakeTmp'
Building C object CMakeFiles/cmTC_fa522.dir/CheckFunctionExists.c.o
/usr/bin/cc    -DCHECK_FUNCTION_EXISTS=pthread_create   -o CMakeFiles/cmTC_fa522.dir/CheckFunctionExists.c.o   -c /usr/share/cmake-3.5/Modules/CheckFunctionExists.c
Linking C executable cmTC_fa522
/usr/bin/cmake -E cmake_link_script CMakeFiles/cmTC_fa522.dir/link.txt --verbose=1
/usr/bin/cc   -DCHECK_FUNCTION_EXISTS=pthread_create    CMakeFiles/cmTC_fa522.dir/CheckFunctionExists.c.o  -o cmTC_fa522 -rdynamic -lpthreads 
/usr/bin/ld: cannot find -lpthreads
collect2: error: ld returned 1 exit status
CMakeFiles/cmTC_fa522.dir/build.make:97: recipe for target 'cmTC_fa522' failed
make[1]: *** [cmTC_fa522] Error 1
make[1]: Leaving directory '/home/seymur/Documents/Projects/CarND-Final-Capstone/ros/build/CMakeFiles/CMakeTmp'
Makefile:126: recipe for target 'cmTC_fa522/fast' failed
make: *** [cmTC_fa522/fast] Error 2


